<?xml version="1.0" encoding="UTF-8"?>
<robot generator="Robot 7.3.2 (Python 3.11.8 on win32)" generated="2025-09-30T09:30:07.047734" rpa="false" schemaversion="5">
<suite id="s1" name="Api Tests" source="E:\workspace\jenkins-robot\tests\api_tests.robot">
<test id="s1-t1" name="false_when_x_is_3dot7" line="12">
<kw name="Create Session" owner="RequestsLibrary">
<msg time="2025-09-30T09:30:07.145020" level="INFO">Creating Session using : alias=api, url=http://localhost:5001, headers={},                     cookies={}, auth=None, timeout=None, proxies=None, verify=False,                     debug=0 </msg>
<arg>api</arg>
<arg>${BASE_URL}</arg>
<doc>Create Session: create a HTTP session to a server</doc>
<status status="PASS" start="2025-09-30T09:30:07.145020" elapsed="0.000981"/>
</kw>
<kw name="GET On Session" owner="RequestsLibrary">
<msg time="2025-09-30T09:30:09.155621" level="INFO">GET Request : url=http://localhost:5001/is2honor/3.7 
 path_url=/is2honor/3.7 
 headers={'User-Agent': 'python-requests/2.32.5', 'Accept-Encoding': 'gzip, deflate, zstd', 'Accept': '*/*', 'Connection': 'keep-alive'} 
 body=None 
 </msg>
<msg time="2025-09-30T09:30:09.155621" level="INFO">GET Response : url=http://localhost:5001/is2honor/3.7 
 status=200, reason=OK 
 headers={'Server': 'Werkzeug/3.1.3 Python/3.11.8', 'Date': 'Tue, 30 Sep 2025 02:30:09 GMT', 'Content-Type': 'application/json', 'Content-Length': '19', 'Connection': 'close'} 
 body={"output":"false"}
 
 </msg>
<msg time="2025-09-30T09:30:09.155621" level="INFO">${resp} = &lt;Response [200]&gt;</msg>
<var>${resp}</var>
<arg>api</arg>
<arg>/is2honor/3.7</arg>
<doc>Sends a GET request on a previously created HTTP Session.</doc>
<status status="PASS" start="2025-09-30T09:30:07.146001" elapsed="2.009620"/>
</kw>
<kw name="Should Be Equal As Strings" owner="BuiltIn">
<msg time="2025-09-30T09:30:09.156596" level="INFO">Argument types are:
&lt;class 'int'&gt;
&lt;class 'str'&gt;</msg>
<arg>${resp.status_code}</arg>
<arg>200</arg>
<doc>Fails if objects are unequal after converting them to strings.</doc>
<status status="PASS" start="2025-09-30T09:30:09.156596" elapsed="0.000000"/>
</kw>
<kw name="Set Variable" owner="BuiltIn">
<msg time="2025-09-30T09:30:09.157602" level="INFO">${json} = {'output': 'false'}</msg>
<var>${json}</var>
<arg>${resp.json()}</arg>
<doc>Returns the given values which can then be assigned to a variables.</doc>
<status status="PASS" start="2025-09-30T09:30:09.156596" elapsed="0.001006"/>
</kw>
<kw name="Should Be Equal" owner="BuiltIn">
<arg>${json}[output]</arg>
<arg>false</arg>
<doc>Fails if the given objects are unequal.</doc>
<status status="PASS" start="2025-09-30T09:30:09.158137" elapsed="0.000000"/>
</kw>
<status status="PASS" start="2025-09-30T09:30:07.144046" elapsed="2.014091"/>
</test>
<test id="s1-t2" name="true_when_x_is_3dot4" line="19">
<kw name="Create Session" owner="RequestsLibrary">
<msg time="2025-09-30T09:30:09.159122" level="INFO">Creating Session using : alias=api, url=http://localhost:5001, headers={},                     cookies={}, auth=None, timeout=None, proxies=None, verify=False,                     debug=0 </msg>
<arg>api</arg>
<arg>${BASE_URL}</arg>
<doc>Create Session: create a HTTP session to a server</doc>
<status status="PASS" start="2025-09-30T09:30:09.159122" elapsed="0.000000"/>
</kw>
<kw name="GET On Session" owner="RequestsLibrary">
<msg time="2025-09-30T09:30:11.167275" level="INFO">GET Request : url=http://localhost:5001/is2honor/3.4 
 path_url=/is2honor/3.4 
 headers={'User-Agent': 'python-requests/2.32.5', 'Accept-Encoding': 'gzip, deflate, zstd', 'Accept': '*/*', 'Connection': 'keep-alive'} 
 body=None 
 </msg>
<msg time="2025-09-30T09:30:11.167275" level="INFO">GET Response : url=http://localhost:5001/is2honor/3.4 
 status=200, reason=OK 
 headers={'Server': 'Werkzeug/3.1.3 Python/3.11.8', 'Date': 'Tue, 30 Sep 2025 02:30:11 GMT', 'Content-Type': 'application/json', 'Content-Length': '18', 'Connection': 'close'} 
 body={"output":"true"}
 
 </msg>
<msg time="2025-09-30T09:30:11.167275" level="INFO">${resp} = &lt;Response [200]&gt;</msg>
<var>${resp}</var>
<arg>api</arg>
<arg>/is2honor/3.4</arg>
<doc>Sends a GET request on a previously created HTTP Session.</doc>
<status status="PASS" start="2025-09-30T09:30:09.159122" elapsed="2.008153"/>
</kw>
<kw name="Should Be Equal As Strings" owner="BuiltIn">
<msg time="2025-09-30T09:30:11.168253" level="INFO">Argument types are:
&lt;class 'int'&gt;
&lt;class 'str'&gt;</msg>
<arg>${resp.status_code}</arg>
<arg>200</arg>
<doc>Fails if objects are unequal after converting them to strings.</doc>
<status status="PASS" start="2025-09-30T09:30:11.167275" elapsed="0.000978"/>
</kw>
<kw name="Set Variable" owner="BuiltIn">
<msg time="2025-09-30T09:30:11.169230" level="INFO">${json} = {'output': 'true'}</msg>
<var>${json}</var>
<arg>${resp.json()}</arg>
<doc>Returns the given values which can then be assigned to a variables.</doc>
<status status="PASS" start="2025-09-30T09:30:11.168253" elapsed="0.000977"/>
</kw>
<kw name="Should Be Equal" owner="BuiltIn">
<arg>${json}[output]</arg>
<arg>true</arg>
<doc>Fails if the given objects are unequal.</doc>
<status status="PASS" start="2025-09-30T09:30:11.169230" elapsed="0.000000"/>
</kw>
<status status="PASS" start="2025-09-30T09:30:09.159122" elapsed="2.010108"/>
</test>
<test id="s1-t3" name="false_when_x_is_3dot1" line="26">
<kw name="Create Session" owner="RequestsLibrary">
<msg time="2025-09-30T09:30:11.170204" level="INFO">Creating Session using : alias=api, url=http://localhost:5001, headers={},                     cookies={}, auth=None, timeout=None, proxies=None, verify=False,                     debug=0 </msg>
<arg>api</arg>
<arg>${BASE_URL}</arg>
<doc>Create Session: create a HTTP session to a server</doc>
<status status="PASS" start="2025-09-30T09:30:11.170204" elapsed="0.000000"/>
</kw>
<kw name="GET On Session" owner="RequestsLibrary">
<msg time="2025-09-30T09:30:13.177050" level="INFO">GET Request : url=http://localhost:5001/is2honor/3.1 
 path_url=/is2honor/3.1 
 headers={'User-Agent': 'python-requests/2.32.5', 'Accept-Encoding': 'gzip, deflate, zstd', 'Accept': '*/*', 'Connection': 'keep-alive'} 
 body=None 
 </msg>
<msg time="2025-09-30T09:30:13.178030" level="INFO">GET Response : url=http://localhost:5001/is2honor/3.1 
 status=200, reason=OK 
 headers={'Server': 'Werkzeug/3.1.3 Python/3.11.8', 'Date': 'Tue, 30 Sep 2025 02:30:13 GMT', 'Content-Type': 'application/json', 'Content-Length': '19', 'Connection': 'close'} 
 body={"output":"false"}
 
 </msg>
<msg time="2025-09-30T09:30:13.178030" level="INFO">${resp} = &lt;Response [200]&gt;</msg>
<var>${resp}</var>
<arg>api</arg>
<arg>/is2honor/3.1</arg>
<doc>Sends a GET request on a previously created HTTP Session.</doc>
<status status="PASS" start="2025-09-30T09:30:11.170204" elapsed="2.007826"/>
</kw>
<kw name="Should Be Equal As Strings" owner="BuiltIn">
<msg time="2025-09-30T09:30:13.179003" level="INFO">Argument types are:
&lt;class 'int'&gt;
&lt;class 'str'&gt;</msg>
<arg>${resp.status_code}</arg>
<arg>200</arg>
<doc>Fails if objects are unequal after converting them to strings.</doc>
<status status="PASS" start="2025-09-30T09:30:13.178030" elapsed="0.000973"/>
</kw>
<kw name="Set Variable" owner="BuiltIn">
<msg time="2025-09-30T09:30:13.179003" level="INFO">${json} = {'output': 'false'}</msg>
<var>${json}</var>
<arg>${resp.json()}</arg>
<doc>Returns the given values which can then be assigned to a variables.</doc>
<status status="PASS" start="2025-09-30T09:30:13.179003" elapsed="0.000000"/>
</kw>
<kw name="Should Be Equal" owner="BuiltIn">
<arg>${json}[output]</arg>
<arg>false</arg>
<doc>Fails if the given objects are unequal.</doc>
<status status="PASS" start="2025-09-30T09:30:13.179977" elapsed="0.000000"/>
</kw>
<status status="PASS" start="2025-09-30T09:30:11.170204" elapsed="2.009773"/>
</test>
<doc>API Testing for Simple API</doc>
<status status="PASS" start="2025-09-30T09:30:07.048709" elapsed="6.132245"/>
</suite>
<statistics>
<total>
<stat pass="3" fail="0" skip="0">All Tests</stat>
</total>
<tag>
</tag>
<suite>
<stat name="Api Tests" id="s1" pass="3" fail="0" skip="0">Api Tests</stat>
</suite>
</statistics>
<errors>
</errors>
</robot>
